-------------------------------------------------------------------------------
Test set: mytesting.prac8.AppTest
-------------------------------------------------------------------------------
Tests run: 1, Failures: 1, Errors: 0, Skipped: 0, Time elapsed: 1.595 s <<< FAILURE! -- in mytesting.prac8.AppTest
mytesting.prac8.AppTest.testApp -- Time elapsed: 1.552 s <<< FAILURE!
Wanted but not invoked:
voteProcessor.process_vote(
    "Выбор Васи Пупкина"
);
-> at mytesting.prac8.VoteProcessor.process_vote(VoteProcessor.java:4)
Actually, there were zero interactions with this mock.

	at mytesting.prac8.VoteProcessor.process_vote(VoteProcessor.java:4)
	at mytesting.prac8.AppTest.testApp(AppTest.java:28)
	at java.base/java.lang.reflect.Method.invoke(Method.java:580)
	at java.base/java.util.ArrayList.forEach(ArrayList.java:1597)
	at java.base/java.util.ArrayList.forEach(ArrayList.java:1597)

